<?xml version="1.0" encoding="UTF-8"?>
<testsuite xmlns:xsi="http://www.w3.org/2001/XMLSchema-instance" xsi:noNamespaceSchemaLocation="https://maven.apache.org/surefire/maven-surefire-plugin/xsd/surefire-test-report.xsd" name="com.baeldung.annotation.scanner.SampleAnnotationScannerUnitTest" time="9.955" tests="2" errors="0" skipped="0" failures="0">
  <properties>
[...]
</properties>
  <testcase name="givenPackage_whenScanAnnotatedClasses_thenAnnotationValues" classname="com.baeldung.annotation.scanner.SampleAnnotationScannerUnitTest" time="1.013"/>
  <testcase name="givenPackage_whenScanAnnotatedMethods_thenAnnotationValues" classname="com.baeldung.annotation.scanner.SampleAnnotationScannerUnitTest" time="0.029"/>
</testsuite>